<?xml version="1.0" encoding="UTF-8"?>
<!-- Generated by org.testng.reporters.JUnitXMLReporter -->
<testsuite ignored="10" hostname="DESKTOP-CPG5TUI" failures="1" tests="9" name="Order Regression" time="1165.866" errors="0" timestamp="2024-03-21T10:32:40 IST">
  <testcase classname="browser.launchBrowsering" name="VerifingHomePageLaunching" time="9.082"/>
  <testcase classname="testScripts.OrderRegressionTest" name="VerifyingOrderIsPlacingWithMiniCartPaypalInRegisterUser" time="124.753"/>
  <testcase classname="testScripts.OrderRegressionTest" name="VerifyingOrderIsPlacingWithCartPagePaypalInRegisterUser" time="77.969">
    <failure type="org.openqa.selenium.StaleElementReferenceException" message="stale element reference: stale element not found
  (Session info: chrome=122.0.6261.129)
For documentation on this error, please visit: https://www.selenium.dev/documentation/webdriver/troubleshooting/errors#stale-element-reference-exception
Build info: version: &amp;apos;4.16.1&amp;apos;, revision: &amp;apos;9b4c83354e&amp;apos;
System info: os.name: &amp;apos;Windows 10&amp;apos;, os.arch: &amp;apos;amd64&amp;apos;, os.version: &amp;apos;10.0&amp;apos;, java.version: &amp;apos;17.0.2&amp;apos;
Driver info: org.openqa.selenium.chrome.ChromeDriver
Command: [651ddf93e574cda200da7c057c154ef4, getElementText {id=f.1E3F1CC926113AA3B6A1E185EC9A1FE6.d.2594CD447DC8643DAEB6809480DBB70D.e.630}]
Capabilities {acceptInsecureCerts: false, browserName: chrome, browserVersion: 122.0.6261.129, chrome: {chromedriverVersion: 122.0.6261.128 (f18a44fedeb..., userDataDir: C:\Users\user\AppData\Local...}, fedcm:accounts: true, goog:chromeOptions: {debuggerAddress: localhost:62834}, networkConnectionEnabled: false, pageLoadStrategy: normal, platformName: windows, proxy: Proxy(), se:cdp: ws://localhost:62834/devtoo..., se:cdpVersion: 122.0.6261.129, setWindowRect: true, strictFileInteractability: false, timeouts: {implicit: 0, pageLoad: 300000, script: 30000}, unhandledPromptBehavior: dismiss and notify, webauthn:extension:credBlob: true, webauthn:extension:largeBlob: true, webauthn:extension:minPinLength: true, webauthn:extension:prf: true, webauthn:virtualAuthenticators: true}
Element: [[ChromeDriver: chrome on windows (651ddf93e574cda200da7c057c154ef4)] -&amp;gt; xpath: //div[@class=&amp;apos;alert alert-success add-to-basket-alert text-center&amp;apos;]]
Session ID: 651ddf93e574cda200da7c057c154ef4">
      <![CDATA[org.openqa.selenium.StaleElementReferenceException: stale element reference: stale element not found
  (Session info: chrome=122.0.6261.129)
For documentation on this error, please visit: https://www.selenium.dev/documentation/webdriver/troubleshooting/errors#stale-element-reference-exception
Build info: version: '4.16.1', revision: '9b4c83354e'
System info: os.name: 'Windows 10', os.arch: 'amd64', os.version: '10.0', java.version: '17.0.2'
Driver info: org.openqa.selenium.chrome.ChromeDriver
Command: [651ddf93e574cda200da7c057c154ef4, getElementText {id=f.1E3F1CC926113AA3B6A1E185EC9A1FE6.d.2594CD447DC8643DAEB6809480DBB70D.e.630}]
Capabilities {acceptInsecureCerts: false, browserName: chrome, browserVersion: 122.0.6261.129, chrome: {chromedriverVersion: 122.0.6261.128 (f18a44fedeb..., userDataDir: C:\Users\user\AppData\Local...}, fedcm:accounts: true, goog:chromeOptions: {debuggerAddress: localhost:62834}, networkConnectionEnabled: false, pageLoadStrategy: normal, platformName: windows, proxy: Proxy(), se:cdp: ws://localhost:62834/devtoo..., se:cdpVersion: 122.0.6261.129, setWindowRect: true, strictFileInteractability: false, timeouts: {implicit: 0, pageLoad: 300000, script: 30000}, unhandledPromptBehavior: dismiss and notify, webauthn:extension:credBlob: true, webauthn:extension:largeBlob: true, webauthn:extension:minPinLength: true, webauthn:extension:prf: true, webauthn:virtualAuthenticators: true}
Element: [[ChromeDriver: chrome on windows (651ddf93e574cda200da7c057c154ef4)] -> xpath: //div[@class='alert alert-success add-to-basket-alert text-center']]
Session ID: 651ddf93e574cda200da7c057c154ef4
at org.openqa.selenium.remote.codec.w3c.W3CHttpResponseCodec.createException(W3CHttpResponseCodec.java:200)
at org.openqa.selenium.remote.codec.w3c.W3CHttpResponseCodec.decode(W3CHttpResponseCodec.java:133)
at org.openqa.selenium.remote.codec.w3c.W3CHttpResponseCodec.decode(W3CHttpResponseCodec.java:52)
at org.openqa.selenium.remote.HttpCommandExecutor.execute(HttpCommandExecutor.java:191)
at org.openqa.selenium.remote.service.DriverCommandExecutor.invokeExecute(DriverCommandExecutor.java:200)
at org.openqa.selenium.remote.service.DriverCommandExecutor.execute(DriverCommandExecutor.java:175)
at org.openqa.selenium.remote.RemoteWebDriver.execute(RemoteWebDriver.java:523)
at org.openqa.selenium.remote.RemoteWebElement.execute(RemoteWebElement.java:224)
at org.openqa.selenium.remote.RemoteWebElement.getText(RemoteWebElement.java:192)
at validations.ProductListingPageValidations.validatingProductisAddtoCart(ProductListingPageValidations.java:165)
at functionality.allAttributesSelection.selectTheAttributesInPdp(allAttributesSelection.java:34)
at tasks.ProductDetailPageTasks.addtoCart(ProductDetailPageTasks.java:111)
at tasks.MiniCartPageTasks.miniCartValue(MiniCartPageTasks.java:32)
at tasks.HomePageTasks.miniCartBtnClick(HomePageTasks.java:98)
at tasks.ViewCartPageTasks.viewCartpage(ViewCartPageTasks.java:43)
at PaypalPayment.CartPagePayal.cartPagePaypal(CartPagePayal.java:20)
at tasks.OrderPlacingWithDifferentPaymentsInRegisterUserTask.orderPlacingWithCartPagePaypal(OrderPlacingWithDifferentPaymentsInRegisterUserTask.java:141)
at testScripts.OrderRegressionTest.VerifyingOrderIsPlacingWithCartPagePaypalInRegisterUser(OrderRegressionTest.java:42)
at java.base/java.util.ArrayList.forEach(ArrayList.java:1511)
... Removed 32 stack frames]]>
    </failure>
  </testcase> <!-- VerifyingOrderIsPlacingWithCartPagePaypalInRegisterUser -->
  <testcase classname="testScripts.OrderRegressionTest" name="VerifyingOrderIsPlacingWithPaypalBuyNowInPdpPageInRegisterUser" time="113.474"/>
  <testcase classname="testScripts.OrderRegressionTest" name="VerifyingOrderIsPlacingWithPaypalFromCheckoutPageInRegisterUser" time="200.537"/>
  <testcase classname="testScripts.OrderRegressionTest" name="verifyingOrderIsPlacingWithPaypalFromCheckoutPageInGuestUser" time="271.49"/>
  <testcase classname="testScripts.OrderRegressionTest" name="verifyingOrderIsPlacingWithMiniCartPaypalInGuestUser" time="128.229"/>
  <testcase classname="testScripts.OrderRegressionTest" name="verifyingOrderIsPlacingWithCartPagePaypalInGuestUser" time="135.994"/>
  <testcase classname="testScripts.OrderRegressionTest" name="verifyingOrderIsPlacingWithPaypalBuyNowInPdpPageInGuestUser" time="103.857"/>
  <testcase classname="testScripts.OrderRegressionTest" name="verifyingOrderIsPlacingWithGiftCardInGuestUser" time="0.0">
    <ignored/>
  </testcase> <!-- verifyingOrderIsPlacingWithGiftCardInGuestUser -->
  <testcase classname="testScripts.OrderRegressionTest" name="verifyingOrderIsPlacingWithCreditCardInGuestUser" time="0.0">
    <ignored/>
  </testcase> <!-- verifyingOrderIsPlacingWithCreditCardInGuestUser -->
  <testcase classname="testScripts.OrderRegressionTest" name="VerifyingOrderIsPlacingWithGiftCardInRegisterUser" time="0.0">
    <ignored/>
  </testcase> <!-- VerifyingOrderIsPlacingWithGiftCardInRegisterUser -->
  <testcase classname="testScripts.OrderRegressionTest" name="VerifyingOrderIsPlacingWithCombinationOfGcAndPaypalInRegisterUser" time="0.0">
    <ignored/>
  </testcase> <!-- VerifyingOrderIsPlacingWithCombinationOfGcAndPaypalInRegisterUser -->
  <testcase classname="testScripts.OrderRegressionTest" name="verifyingOrderIsPlacingWithCombinationOfGcAndPaypalInGuestUser" time="0.0">
    <ignored/>
  </testcase> <!-- verifyingOrderIsPlacingWithCombinationOfGcAndPaypalInGuestUser -->
  <testcase classname="testScripts.OrderRegressionTest" name="verifyingOrderIsPlacingWithCombinationOfGcAndCreditCardInGuestUser" time="0.0">
    <ignored/>
  </testcase> <!-- verifyingOrderIsPlacingWithCombinationOfGcAndCreditCardInGuestUser -->
  <testcase classname="baseClass.baseClass" name="@BeforeSuite setUpforReport" time="0.0">
    <ignored/>
  </testcase> <!-- @BeforeSuite setUpforReport -->
  <testcase classname="testScripts.OrderRegressionTest" name="VerifyingOrderIsPlacingWithCreditCardInRegisterUser" time="0.0">
    <ignored/>
  </testcase> <!-- VerifyingOrderIsPlacingWithCreditCardInRegisterUser -->
  <testcase classname="baseClass.baseClass" name="@AfterSuite tearDown" time="0.0">
    <ignored/>
  </testcase> <!-- @AfterSuite tearDown -->
  <testcase classname="testScripts.OrderRegressionTest" name="VerifyingOrderIsPlacingWithCombinationOfGcAndCreditCardInRegisterUser" time="0.0">
    <ignored/>
  </testcase> <!-- VerifyingOrderIsPlacingWithCombinationOfGcAndCreditCardInRegisterUser -->
</testsuite> <!-- Order Regression -->
